<?xml version="1.0" encoding="UTF-8"?>
<!-- Generated by org.testng.reporters.JUnitReportReporter -->
<testsuite hostname="DESKTOP-73VK2D7" failures="0" tests="1" name="TestRunner.TestRunner" time="30.474" errors="0" timestamp="2023-03-01T16:15:38 GMT" skipped="0">
  <testcase classname="TestRunner.TestRunner" name="runScenario" time="30.474"/>
  <system-out>
    <![CDATA[expected [Smartbaazar] but found [Smartbazaar – World of Asian Foods]]]>
  </system-out>
</testsuite> <!-- TestRunner.TestRunner -->
