<?xml version="1.0" encoding="UTF-8"?>
<testng-results ignored="0" total="1" passed="1" failed="0" skipped="0">
  <reporter-output>
    <line>
      <![CDATA[expected [Smartbazaar – World of Asian] but found [Smartbazaar – World of Asian Foods]]]>
    </line>
  </reporter-output>
  <suite started-at="2023-05-03T22:06:12 BST" name="Default Suite" finished-at="2023-05-03T22:06:36 BST" duration-ms="23709">
    <groups>
      <group name="cucumber">
        <method signature="AbstractTestNGCucumberTests.runScenario(io.cucumber.testng.PickleWrapper,io.cucumber.testng.FeatureWrapper)[pri:0, instance:TestRunner.TestRunner@8f2ef19]" name="runScenario" class="io.cucumber.testng.AbstractTestNGCucumberTests"/>
      </group> <!-- cucumber -->
    </groups>
    <test started-at="2023-05-03T22:06:12 BST" name="org.smartbazzar.com" finished-at="2023-05-03T22:06:36 BST" duration-ms="23709">
      <class name="TestRunner.TestRunner">
        <test-method is-config="true" signature="setUpClass(org.testng.ITestContext)[pri:0, instance:TestRunner.TestRunner@8f2ef19]" started-at="2023-05-03T22:06:12 BST" name="setUpClass" finished-at="2023-05-03T22:06:13 BST" duration-ms="1255" status="PASS">
          <params>
            <param index="0">
              <value>
                <![CDATA[org.testng.TestRunner@4b0bd001]]>
              </value>
            </param>
          </params>
          <reporter-output>
          </reporter-output>
        </test-method> <!-- setUpClass -->
        <test-method signature="runScenario(io.cucumber.testng.PickleWrapper,io.cucumber.testng.FeatureWrapper)[pri:0, instance:TestRunner.TestRunner@8f2ef19]" started-at="2023-05-03T22:06:13 BST" name="runScenario" description="Runs Cucumber Scenarios" data-provider="scenarios" finished-at="2023-05-03T22:06:36 BST" duration-ms="22300" status="PASS">
          <params>
            <param index="0">
              <value>
                <![CDATA["User wants to check whether application is working or not."]]>
              </value>
            </param>
            <param index="1">
              <value>
                <![CDATA["Checking Title of the Application."]]>
              </value>
            </param>
          </params>
          <reporter-output>
            <line>
              <![CDATA[expected [Smartbazaar – World of Asian] but found [Smartbazaar – World of Asian Foods]]]>
            </line>
          </reporter-output>
        </test-method> <!-- runScenario -->
        <test-method is-config="true" signature="tearDownClass()[pri:0, instance:TestRunner.TestRunner@8f2ef19]" started-at="2023-05-03T22:06:36 BST" name="tearDownClass" finished-at="2023-05-03T22:06:36 BST" duration-ms="53" status="PASS">
          <reporter-output>
          </reporter-output>
        </test-method> <!-- tearDownClass -->
      </class> <!-- TestRunner.TestRunner -->
    </test> <!-- org.smartbazzar.com -->
  </suite> <!-- Default Suite -->
</testng-results>
