<?xml version="1.0" encoding="UTF-8"?>
<testng-results ignored="0" total="1" passed="1" failed="0" skipped="0">
  <reporter-output>
    <line>
      <![CDATA[expected [Smartbazaar – World of Asian] but found [Smartbazaar – World of Asian Foods]]]>
    </line>
  </reporter-output>
  <suite started-at="2023-05-04T17:13:27 BST" name="Suite1" finished-at="2023-05-04T17:14:19 BST" duration-ms="52417">
    <groups>
      <group name="cucumber">
        <method signature="AbstractTestNGCucumberTests.runScenario(io.cucumber.testng.PickleWrapper,io.cucumber.testng.FeatureWrapper)[pri:0, instance:TestRunner.TestRunner@6f43c82]" name="runScenario" class="io.cucumber.testng.AbstractTestNGCucumberTests"/>
      </group> <!-- cucumber -->
    </groups>
    <test started-at="2023-05-04T17:13:27 BST" name="C:/Users/hemakumar.guru/IdeaProjects/org.smartbazzar.com" finished-at="2023-05-04T17:14:19 BST" duration-ms="52417">
      <class name="TestRunner.TestRunner">
        <test-method is-config="true" signature="setUpClass(org.testng.ITestContext)[pri:0, instance:TestRunner.TestRunner@6f43c82]" started-at="2023-05-04T17:13:27 BST" name="setUpClass" finished-at="2023-05-04T17:13:28 BST" duration-ms="874" status="PASS">
          <params>
            <param index="0">
              <value>
                <![CDATA[org.testng.TestRunner@4702e7a5]]>
              </value>
            </param>
          </params>
          <reporter-output>
          </reporter-output>
        </test-method> <!-- setUpClass -->
        <test-method signature="runScenario(io.cucumber.testng.PickleWrapper,io.cucumber.testng.FeatureWrapper)[pri:0, instance:TestRunner.TestRunner@6f43c82]" started-at="2023-05-04T17:13:28 BST" name="runScenario" description="Runs Cucumber Scenarios" data-provider="scenarios" finished-at="2023-05-04T17:14:18 BST" duration-ms="50310" status="PASS">
          <params>
            <param index="0">
              <value>
                <![CDATA["User wants to check whether application is working or not."]]>
              </value>
            </param>
            <param index="1">
              <value>
                <![CDATA["Checking Title of the Application."]]>
              </value>
            </param>
          </params>
          <reporter-output>
            <line>
              <![CDATA[expected [Smartbazaar – World of Asian] but found [Smartbazaar – World of Asian Foods]]]>
            </line>
          </reporter-output>
        </test-method> <!-- runScenario -->
        <test-method is-config="true" signature="tearDownClass()[pri:0, instance:TestRunner.TestRunner@6f43c82]" started-at="2023-05-04T17:14:18 BST" name="tearDownClass" finished-at="2023-05-04T17:14:19 BST" duration-ms="1166" status="PASS">
          <reporter-output>
          </reporter-output>
        </test-method> <!-- tearDownClass -->
      </class> <!-- TestRunner.TestRunner -->
    </test> <!-- C:/Users/hemakumar.guru/IdeaProjects/org.smartbazzar.com -->
  </suite> <!-- Suite1 -->
</testng-results>
