<?xml version="1.0" encoding="UTF-8"?>
<testng-results ignored="0" total="3" passed="3" failed="0" skipped="0">
  <reporter-output>
    <line>
      <![CDATA[expected [Smartbazaar – World of Asian] but found [Smartbazaar – World of Asian Foods]]]>
    </line>
  </reporter-output>
  <suite started-at="2023-03-10T12:47:18 GMT" name="Suite1" finished-at="2023-03-10T12:48:28 GMT" duration-ms="70953">
    <groups>
      <group name="cucumber">
        <method signature="AbstractTestNGCucumberTests.runScenario(io.cucumber.testng.PickleWrapper,io.cucumber.testng.FeatureWrapper)[pri:0, instance:TestRunner.TestRunner2@4f0f2942]" name="runScenario" class="io.cucumber.testng.AbstractTestNGCucumberTests"/>
        <method signature="AbstractTestNGCucumberTests.runScenario(io.cucumber.testng.PickleWrapper,io.cucumber.testng.FeatureWrapper)[pri:0, instance:TestRunner.TestRunner@5db6b9cd]" name="runScenario" class="io.cucumber.testng.AbstractTestNGCucumberTests"/>
      </group> <!-- cucumber -->
    </groups>
    <test started-at="2023-03-10T12:47:18 GMT" name="C:/Users/hemakumar.guru/IdeaProjects/org.smartbazzar.com" finished-at="2023-03-10T12:48:28 GMT" duration-ms="70953">
      <class name="TestRunner.TestRunner2">
        <test-method is-config="true" signature="setUpClass(org.testng.ITestContext)[pri:0, instance:TestRunner.TestRunner2@4f0f2942]" started-at="2023-03-10T12:47:32 GMT" name="setUpClass" finished-at="2023-03-10T12:47:32 GMT" duration-ms="32" status="PASS">
          <params>
            <param index="0">
              <value>
                <![CDATA[org.testng.TestRunner@67e0fd6d]]>
              </value>
            </param>
          </params>
          <reporter-output>
          </reporter-output>
        </test-method> <!-- setUpClass -->
        <test-method signature="runScenario(io.cucumber.testng.PickleWrapper,io.cucumber.testng.FeatureWrapper)[pri:0, instance:TestRunner.TestRunner2@4f0f2942]" started-at="2023-03-10T12:47:32 GMT" name="runScenario" description="Runs Cucumber Scenarios" data-provider="scenarios" finished-at="2023-03-10T12:48:01 GMT" duration-ms="28384" status="PASS">
          <params>
            <param index="0">
              <value>
                <![CDATA["User wants to check search functionality of the application"]]>
              </value>
            </param>
            <param index="1">
              <value>
                <![CDATA["Checking Functionality of search"]]>
              </value>
            </param>
          </params>
          <reporter-output>
          </reporter-output>
        </test-method> <!-- runScenario -->
        <test-method signature="runScenario(io.cucumber.testng.PickleWrapper,io.cucumber.testng.FeatureWrapper)[pri:0, instance:TestRunner.TestRunner2@4f0f2942]" started-at="2023-03-10T12:48:01 GMT" name="runScenario" description="Runs Cucumber Scenarios" data-provider="scenarios" finished-at="2023-03-10T12:48:28 GMT" duration-ms="27883" status="PASS">
          <params>
            <param index="0">
              <value>
                <![CDATA["User wants to check search functionality of the application"]]>
              </value>
            </param>
            <param index="1">
              <value>
                <![CDATA["Checking Functionality of search"]]>
              </value>
            </param>
          </params>
          <reporter-output>
          </reporter-output>
        </test-method> <!-- runScenario -->
        <test-method is-config="true" signature="tearDownClass()[pri:0, instance:TestRunner.TestRunner2@4f0f2942]" started-at="2023-03-10T12:48:28 GMT" name="tearDownClass" finished-at="2023-03-10T12:48:28 GMT" duration-ms="31" status="PASS">
          <reporter-output>
          </reporter-output>
        </test-method> <!-- tearDownClass -->
      </class> <!-- TestRunner.TestRunner2 -->
      <class name="TestRunner.TestRunner">
        <test-method is-config="true" signature="setUpClass(org.testng.ITestContext)[pri:0, instance:TestRunner.TestRunner@5db6b9cd]" started-at="2023-03-10T12:47:18 GMT" name="setUpClass" finished-at="2023-03-10T12:47:18 GMT" duration-ms="773" status="PASS">
          <params>
            <param index="0">
              <value>
                <![CDATA[org.testng.TestRunner@67e0fd6d]]>
              </value>
            </param>
          </params>
          <reporter-output>
          </reporter-output>
        </test-method> <!-- setUpClass -->
        <test-method signature="runScenario(io.cucumber.testng.PickleWrapper,io.cucumber.testng.FeatureWrapper)[pri:0, instance:TestRunner.TestRunner@5db6b9cd]" started-at="2023-03-10T12:47:18 GMT" name="runScenario" description="Runs Cucumber Scenarios" data-provider="scenarios" finished-at="2023-03-10T12:47:32 GMT" duration-ms="13729" status="PASS">
          <params>
            <param index="0">
              <value>
                <![CDATA["User wants to check whether application is working or not."]]>
              </value>
            </param>
            <param index="1">
              <value>
                <![CDATA["Checking Title of the Application."]]>
              </value>
            </param>
          </params>
          <reporter-output>
            <line>
              <![CDATA[expected [Smartbazaar – World of Asian] but found [Smartbazaar – World of Asian Foods]]]>
            </line>
          </reporter-output>
        </test-method> <!-- runScenario -->
        <test-method is-config="true" signature="tearDownClass()[pri:0, instance:TestRunner.TestRunner@5db6b9cd]" started-at="2023-03-10T12:47:32 GMT" name="tearDownClass" finished-at="2023-03-10T12:47:32 GMT" duration-ms="50" status="PASS">
          <reporter-output>
          </reporter-output>
        </test-method> <!-- tearDownClass -->
      </class> <!-- TestRunner.TestRunner -->
    </test> <!-- C:/Users/hemakumar.guru/IdeaProjects/org.smartbazzar.com -->
  </suite> <!-- Suite1 -->
</testng-results>
